  stdafx.cpp
  AudioTalkCom.cpp
  DlgAlarmChanList.cpp
  DlgAlarmHostLog.cpp
DlgAlarmHostLog.cpp(232): warning C4244: “=”: 从“DWORD_PTR”转换到“DWORD”，可能丢失数据
DlgAlarmHostLog.cpp(233): warning C4244: “=”: 从“DWORD_PTR”转换到“DWORD”，可能丢失数据
  DlgAlarmTime.cpp
  DlgAudioTalk.cpp
d:\jenkins_ci\workspace\pack_sdk_isup_win32_64\common\hcehomecms\win\ehomedemo\isupdemo\Resource.h(61): warning C4005: “IDD_DLG_ISAPI_CFG”: 宏重定义
          d:\jenkins_ci\workspace\pack_sdk_isup_win32_64\common\hcehomecms\win\ehomedemo\isupdemo\resourceEn.h(772) : 参见“IDD_DLG_ISAPI_CFG”的前一个定义
d:\jenkins_ci\workspace\pack_sdk_isup_win32_64\common\hcehomecms\win\ehomedemo\isupdemo\Resource.h(62): warning C4005: “IDD_DLG_UPGRADE_HTTP”: 宏重定义
          d:\jenkins_ci\workspace\pack_sdk_isup_win32_64\common\hcehomecms\win\ehomedemo\isupdemo\resourceEn.h(764) : 参见“IDD_DLG_UPGRADE_HTTP”的前一个定义
d:\jenkins_ci\workspace\pack_sdk_isup_win32_64\common\hcehomecms\win\ehomedemo\isupdemo\Resource.h(67): warning C4005: “IDD_DLG_IFRAME”: 宏重定义
          d:\jenkins_ci\workspace\pack_sdk_isup_win32_64\common\hcehomecms\win\ehomedemo\isupdemo\resourceEn.h(774) : 参见“IDD_DLG_IFRAME”的前一个定义
d:\jenkins_ci\workspace\pack_sdk_isup_win32_64\common\hcehomecms\win\ehomedemo\isupdemo\Resource.h(68): warning C4005: “IDD_DLG_STREAM_ENCRYPT”: 宏重定义
          d:\jenkins_ci\workspace\pack_sdk_isup_win32_64\common\hcehomecms\win\ehomedemo\isupdemo\resourceEn.h(765) : 参见“IDD_DLG_STREAM_ENCRYPT”的前一个定义
d:\jenkins_ci\workspace\pack_sdk_isup_win32_64\common\hcehomecms\win\ehomedemo\isupdemo\Resource.h(69): warning C4005: “IDD_DIALOG3”: 宏重定义
          d:\jenkins_ci\workspace\pack_sdk_isup_win32_64\common\hcehomecms\win\ehomedemo\isupdemo\resourceEn.h(55) : 参见“IDD_DIALOG3”的前一个定义
d:\jenkins_ci\workspace\pack_sdk_isup_win32_64\common\hcehomecms\win\ehomedemo\isupdemo\Resource.h(70): warning C4005: “IDD_DLG_CHCKE_STREAM_KEY”: 宏重定义
          d:\jenkins_ci\workspace\pack_sdk_isup_win32_64\common\hcehomecms\win\ehomedemo\isupdemo\resourceEn.h(775) : 参见“IDD_DLG_CHCKE_STREAM_KEY”的前一个定义
d:\jenkins_ci\workspace\pack_sdk_isup_win32_64\common\hcehomecms\win\ehomedemo\isupdemo\Resource.h(73): warning C4005: “IDD_DLG_STORAGESERVER”: 宏重定义
          d:\jenkins_ci\workspace\pack_sdk_isup_win32_64\common\hcehomecms\win\ehomedemo\isupdemo\resourceEn.h(57) : 参见“IDD_DLG_STORAGESERVER”的前一个定义
d:\jenkins_ci\workspace\pack_sdk_isup_win32_64\common\hcehomecms\win\ehomedemo\isupdemo\Resource.h(75): warning C4005: “IDD_DLG_SETPLAYERPARAM”: 宏重定义
          d:\jenkins_ci\workspace\pack_sdk_isup_win32_64\common\hcehomecms\win\ehomedemo\isupdemo\resourceEn.h(62) : 参见“IDD_DLG_SETPLAYERPARAM”的前一个定义
d:\jenkins_ci\workspace\pack_sdk_isup_win32_64\common\hcehomecms\win\ehomedemo\isupdemo\Resource.h(209): warning C4005: “IDC_LF_EDIT_URL”: 宏重定义
          d:\jenkins_ci\workspace\pack_sdk_isup_win32_64\common\hcehomecms\win\ehomedemo\isupdemo\resourceEn.h(532) : 参见“IDC_LF_EDIT_URL”的前一个定义
d:\jenkins_ci\workspace\pack_sdk_isup_win32_64\common\hcehomecms\win\ehomedemo\isupdemo\Resource.h(223): warning C4005: “IDC_LF_EDIT_PATH”: 宏重定义
          d:\jenkins_ci\workspace\pack_sdk_isup_win32_64\common\hcehomecms\win\ehomedemo\isupdemo\resourceEn.h(544) : 参见“IDC_LF_EDIT_PATH”的前一个定义
d:\jenkins_ci\workspace\pack_sdk_isup_win32_64\common\hcehomecms\win\ehomedemo\isupdemo\Resource.h(235): warning C4005: “IDC_BTN_STOREPATH_LF”: 宏重定义
          d:\jenkins_ci\workspace\pack_sdk_isup_win32_64\common\hcehomecms\win\ehomedemo\isupdemo\resourceEn.h(524) : 参见“IDC_BTN_STOREPATH_LF”的前一个定义
d:\jenkins_ci\workspace\pack_sdk_isup_win32_64\common\hcehomecms\win\ehomedemo\isupdemo\Resource.h(243): warning C4005: “IDC_EDIT_LF_START”: 宏重定义
          d:\jenkins_ci\workspace\pack_sdk_isup_win32_64\common\hcehomecms\win\ehomedemo\isupdemo\resourceEn.h(535) : 参见“IDC_EDIT_LF_START”的前一个定义
d:\jenkins_ci\workspace\pack_sdk_isup_win32_64\common\hcehomecms\win\ehomedemo\isupdemo\Resource.h(250): warning C4005: “IDC_EDIT_LF_END”: 宏重定义
          d:\jenkins_ci\workspace\pack_sdk_isup_win32_64\common\hcehomecms\win\ehomedemo\isupdemo\resourceEn.h(537) : 参见“IDC_EDIT_LF_END”的前一个定义
d:\jenkins_ci\workspace\pack_sdk_isup_win32_64\common\hcehomecms\win\ehomedemo\isupdemo\Resource.h(389): warning C4005: “IDC_BUTTON_LF_UPLOAD”: 宏重定义
          d:\jenkins_ci\workspace\pack_sdk_isup_win32_64\common\hcehomecms\win\ehomedemo\isupdemo\resourceEn.h(514) : 参见“IDC_BUTTON_LF_UPLOAD”的前一个定义
d:\jenkins_ci\workspace\pack_sdk_isup_win32_64\common\hcehomecms\win\ehomedemo\isupdemo\Resource.h(398): warning C4005: “IDC_BUTTON_LF_CREATE_SERVER”: 宏重定义
          d:\jenkins_ci\workspace\pack_sdk_isup_win32_64\common\hcehomecms\win\ehomedemo\isupdemo\resourceEn.h(506) : 参见“IDC_BUTTON_LF_CREATE_SERVER”的前一个定义
d:\jenkins_ci\workspace\pack_sdk_isup_win32_64\common\hcehomecms\win\ehomedemo\isupdemo\Resource.h(419): warning C4005: “IDC_BUTTON_LF_DOWNLOAD”: 宏重定义
          d:\jenkins_ci\workspace\pack_sdk_isup_win32_64\common\hcehomecms\win\ehomedemo\isupdemo\resourceEn.h(518) : 参见“IDC_BUTTON_LF_DOWNLOAD”的前一个定义
d:\jenkins_ci\workspace\pack_sdk_isup_win32_64\common\hcehomecms\win\ehomedemo\isupdemo\Resource.h(424): warning C4005: “IDC_BUTTON_LF_STOPLF”: 宏重定义
          d:\jenkins_ci\workspace\pack_sdk_isup_win32_64\common\hcehomecms\win\ehomedemo\isupdemo\resourceEn.h(508) : 参见“IDC_BUTTON_LF_STOPLF”的前一个定义
d:\jenkins_ci\workspace\pack_sdk_isup_win32_64\common\hcehomecms\win\ehomedemo\isupdemo\Resource.h(428): warning C4005: “IDC_BUTTON_LF_DEL_CHANNEL”: 宏重定义
          d:\jenkins_ci\workspace\pack_sdk_isup_win32_64\common\hcehomecms\win\ehomedemo\isupdemo\resourceEn.h(511) : 参见“IDC_BUTTON_LF_DEL_CHANNEL”的前一个定义
d:\jenkins_ci\workspace\pack_sdk_isup_win32_64\common\hcehomecms\win\ehomedemo\isupdemo\Resource.h(498): warning C4005: “IDC_BTN_STOP_UPGRADE”: 宏重定义
          d:\jenkins_ci\workspace\pack_sdk_isup_win32_64\common\hcehomecms\win\ehomedemo\isupdemo\resourceEn.h(769) : 参见“IDC_BTN_STOP_UPGRADE”的前一个定义
d:\jenkins_ci\workspace\pack_sdk_isup_win32_64\common\hcehomecms\win\ehomedemo\isupdemo\Resource.h(548): warning C4005: “IDC_PROG_UPGRADE”: 宏重定义
          d:\jenkins_ci\workspace\pack_sdk_isup_win32_64\common\hcehomecms\win\ehomedemo\isupdemo\resourceEn.h(771) : 参见“IDC_PROG_UPGRADE”的前一个定义
d:\jenkins_ci\workspace\pack_sdk_isup_win32_64\common\hcehomecms\win\ehomedemo\isupdemo\Resource.h(552): warning C4005: “IDC_STATIC_PROGRESS”: 宏重定义
          d:\jenkins_ci\workspace\pack_sdk_isup_win32_64\common\hcehomecms\win\ehomedemo\isupdemo\resourceEn.h(767) : 参见“IDC_STATIC_PROGRESS”的前一个定义
d:\jenkins_ci\workspace\pack_sdk_isup_win32_64\common\hcehomecms\win\ehomedemo\isupdemo\Resource.h(565): warning C4005: “IDC_EDIT_NEW_CODE”: 宏重定义
          d:\jenkins_ci\workspace\pack_sdk_isup_win32_64\common\hcehomecms\win\ehomedemo\isupdemo\resourceEn.h(778) : 参见“IDC_EDIT_NEW_CODE”的前一个定义
d:\jenkins_ci\workspace\pack_sdk_isup_win32_64\common\hcehomecms\win\ehomedemo\isupdemo\Resource.h(567): warning C4005: “IDC_EDIT_OLD_CODE”: 宏重定义
          d:\jenkins_ci\workspace\pack_sdk_isup_win32_64\common\hcehomecms\win\ehomedemo\isupdemo\resourceEn.h(779) : 参见“IDC_EDIT_OLD_CODE”的前一个定义
d:\jenkins_ci\workspace\pack_sdk_isup_win32_64\common\hcehomecms\win\ehomedemo\isupdemo\Resource.h(570): warning C4005: “IDC_EDIT_STREAM_KEY”: 宏重定义
          d:\jenkins_ci\workspace\pack_sdk_isup_win32_64\common\hcehomecms\win\ehomedemo\isupdemo\resourceEn.h(777) : 参见“IDC_EDIT_STREAM_KEY”的前一个定义
d:\jenkins_ci\workspace\pack_sdk_isup_win32_64\common\hcehomecms\win\ehomedemo\isupdemo\Resource.h(577): warning C4005: “IDC_BUTTON4”: 宏重定义
          d:\jenkins_ci\workspace\pack_sdk_isup_win32_64\common\hcehomecms\win\ehomedemo\isupdemo\resourceEn.h(504) : 参见“IDC_BUTTON4”的前一个定义
d:\jenkins_ci\workspace\pack_sdk_isup_win32_64\common\hcehomecms\win\ehomedemo\isupdemo\Resource.h(674): warning C4005: “IDC_BTN_ALARM_OK”: 宏重定义
          d:\jenkins_ci\workspace\pack_sdk_isup_win32_64\common\hcehomecms\win\ehomedemo\isupdemo\resourceEn.h(505) : 参见“IDC_BTN_ALARM_OK”的前一个定义
d:\jenkins_ci\workspace\pack_sdk_isup_win32_64\common\hcehomecms\win\ehomedemo\isupdemo\Resource.h(681): warning C4005: “IDC_LF_IP_EDIT”: 宏重定义
          d:\jenkins_ci\workspace\pack_sdk_isup_win32_64\common\hcehomecms\win\ehomedemo\isupdemo\resourceEn.h(526) : 参见“IDC_LF_IP_EDIT”的前一个定义
d:\jenkins_ci\workspace\pack_sdk_isup_win32_64\common\hcehomecms\win\ehomedemo\isupdemo\Resource.h(684): warning C4005: “IDC_LF_EDIT_PORT”: 宏重定义
          d:\jenkins_ci\workspace\pack_sdk_isup_win32_64\common\hcehomecms\win\ehomedemo\isupdemo\resourceEn.h(530) : 参见“IDC_LF_EDIT_PORT”的前一个定义
d:\jenkins_ci\workspace\pack_sdk_isup_win32_64\common\hcehomecms\win\ehomedemo\isupdemo\Resource.h(687): warning C4005: “IDC_CHECK_LF_RESUME”: 宏重定义
          d:\jenkins_ci\workspace\pack_sdk_isup_win32_64\common\hcehomecms\win\ehomedemo\isupdemo\resourceEn.h(540) : 参见“IDC_CHECK_LF_RESUME”的前一个定义
DlgAudioTalk.cpp(944): warning C4018: “<”: 有符号/无符号不匹配
  DlgCaptureCfg.cpp
  DlgChanInfo.cpp
  DlgChannelSelect.cpp
DlgChannelSelect.cpp(19): warning C4267: “初始化”: 从“size_t”转换到“int”，可能丢失数据
  DlgCheckStreamKey.cpp
  DlgCmsAlarm.cpp
  DlgCommonCfg.cpp
  DlgCyclePlayBack.cpp
  DlgDevLog.cpp
DlgDevLog.cpp(239): warning C4244: “=”: 从“DWORD_PTR”转换到“DWORD”，可能丢失数据
  DlgEhome50Auth.cpp
  DlgFlowInfo.cpp
  DlgGpsInfo.cpp
DlgGpsInfo.cpp(54): warning C4267: “=”: 从“size_t”转换到“DWORD”，可能丢失数据
DlgGpsInfo.cpp(55): warning C4267: “=”: 从“size_t”转换到“DWORD”，可能丢失数据
DlgGpsInfo.cpp(116): warning C4267: “=”: 从“size_t”转换到“DWORD”，可能丢失数据
DlgGpsInfo.cpp(117): warning C4267: “=”: 从“size_t”转换到“DWORD”，可能丢失数据
  DlgHidArea.cpp
  DlgHttpAlarm.cpp
DlgHttpAlarm.cpp(126): warning C4267: “初始化”: 从“size_t”转换到“int”，可能丢失数据
DlgHttpAlarm.cpp(146): warning C4267: “初始化”: 从“size_t”转换到“int”，可能丢失数据
DlgHttpAlarm.cpp(242): warning C4267: “=”: 从“size_t”转换到“int”，可能丢失数据
DlgHttpAlarm.cpp(294): warning C4267: “=”: 从“size_t”转换到“int”，可能丢失数据
DlgHttpAlarm.cpp(403): warning C4244: “=”: 从“__int64”转换到“int”，可能丢失数据
  DlgIFrame.cpp
  DlgInfoPublish.cpp
  正在编译...
  DlgInfoPubTerCfg.cpp
  DlgIPSelect.cpp
DlgIPSelect.cpp(198): warning C4553: “==”: 运算符不起任何作用；是否是有意使用“=”的?
DlgIPSelect.cpp(152): warning C4101: “addr”: 未引用的局部变量
  DlgISAPIConfig.cpp
DlgISAPIConfig.cpp(59): warning C4267: “初始化”: 从“size_t”转换到“int”，可能丢失数据
  DlgISAPIPassthrough.cpp
d:\jenkins_ci\workspace\pack_sdk_isup_win32_64\common\hcehomecms\win\ehomedemo\isupdemo\HCNetUtils.h : warning C4819: 该文件包含不能在当前代码页(936)中表示的字符。请将该文件保存为 Unicode 格式以防止数据丢失
d:\jenkins_ci\workspace\pack_sdk_isup_win32_64\common\hcehomecms\win\ehomedemo\isupdemo\HCNetUtils.h(590): warning C4819: 该文件包含不能在当前代码页(936)中表示的字符。请将该文件保存为 Unicode 格式以防止数据丢失
d:\jenkins_ci\workspace\pack_sdk_isup_win32_64\common\hcehomecms\win\ehomedemo\isupdemo\HCNetUtils.h(1262): warning C4819: 该文件包含不能在当前代码页(936)中表示的字符。请将该文件保存为 Unicode 格式以防止数据丢失
  DlgListen.cpp
  DlgLocalCfg.cpp
  DlgMotionArea.cpp
  DlgMotionConfig.cpp
  DlgOutput.cpp
  DlgOutputCtrl.cpp
  DlgPassthroughProxy.cpp
DlgPassthroughProxy.cpp(150): warning C4267: “=”: 从“size_t”转换到“DWORD”，可能丢失数据
  DlgPicFile.cpp
DlgPicFile.cpp(245): warning C4244: “=”: 从“DWORD_PTR”转换到“DWORD”，可能丢失数据
DlgPicFile.cpp(265): warning C4244: “=”: 从“DWORD_PTR”转换到“DWORD”，可能丢失数据
DlgPicFile.cpp(285): warning C4244: “=”: 从“DWORD_PTR”转换到“DWORD”，可能丢失数据
  DlgPlayBack.cpp
  DlgPrivateArea.cpp
  DlgRecordCfg.cpp
  DlgRecordFile.cpp
DlgRecordFile.cpp(31): warning C4244: “参数”: 从“DWORD”转换到“BYTE”，可能丢失数据
DlgRecordFile.cpp(410): warning C4244: “=”: 从“DWORD_PTR”转换到“DWORD”，可能丢失数据
DlgRecordFile.cpp(877): warning C4244: “=”: 从“DWORD”转换到“WORD”，可能丢失数据
  DlgStorageServer.cpp
DlgStorageServer.cpp(374): warning C4090: “初始化”: 不同的“__unaligned”限定符
DlgStorageServer.cpp(478): warning C4267: “初始化”: 从“size_t”转换到“DWORD”，可能丢失数据
DlgStorageServer.cpp(613): warning C4267: “=”: 从“size_t”转换到“DWORD”，可能丢失数据
DlgStorageServer.cpp(791): warning C4267: “=”: 从“size_t”转换到“DWORD”，可能丢失数据
DlgStorageServer.cpp(816): warning C4267: “初始化”: 从“size_t”转换到“int”，可能丢失数据
DlgStorageServer.cpp(844): warning C4267: “=”: 从“size_t”转换到“DWORD”，可能丢失数据
DlgStorageServer.cpp(856): warning C4267: “=”: 从“size_t”转换到“DWORD”，可能丢失数据
DlgStorageServer.cpp(913): warning C4090: “初始化”: 不同的“__unaligned”限定符
  DlgStreamEncrypt.cpp
  DlgSubPicCfg.cpp
  DlgUpgrade.cpp
  正在编译...
  DlgUpgradeHttp.cpp
DlgUpgradeHttp.cpp(79): warning C4267: “=”: 从“size_t”转换到“DWORD”，可能丢失数据
DlgUpgradeHttp.cpp(118): warning C4267: “=”: 从“size_t”转换到“DWORD”，可能丢失数据
DlgUpgradeHttp.cpp(234): warning C4267: “=”: 从“size_t”转换到“DWORD”，可能丢失数据
  DlgVideoIntercomCall.cpp
  DlgWebConfig.cpp
d:\jenkins_ci\workspace\pack_sdk_isup_win32_64\common\hcehomecms\win\ehomedemo\isupdemo\resourceEn.h(55): warning C4005: “IDD_DIALOG3”: 宏重定义
          d:\jenkins_ci\workspace\pack_sdk_isup_win32_64\common\hcehomecms\win\ehomedemo\isupdemo\Resource.h(69) : 参见“IDD_DIALOG3”的前一个定义
d:\jenkins_ci\workspace\pack_sdk_isup_win32_64\common\hcehomecms\win\ehomedemo\isupdemo\resourceEn.h(57): warning C4005: “IDD_DLG_STORAGESERVER”: 宏重定义
          d:\jenkins_ci\workspace\pack_sdk_isup_win32_64\common\hcehomecms\win\ehomedemo\isupdemo\Resource.h(73) : 参见“IDD_DLG_STORAGESERVER”的前一个定义
d:\jenkins_ci\workspace\pack_sdk_isup_win32_64\common\hcehomecms\win\ehomedemo\isupdemo\resourceEn.h(62): warning C4005: “IDD_DLG_SETPLAYERPARAM”: 宏重定义
          d:\jenkins_ci\workspace\pack_sdk_isup_win32_64\common\hcehomecms\win\ehomedemo\isupdemo\Resource.h(75) : 参见“IDD_DLG_SETPLAYERPARAM”的前一个定义
d:\jenkins_ci\workspace\pack_sdk_isup_win32_64\common\hcehomecms\win\ehomedemo\isupdemo\resourceEn.h(504): warning C4005: “IDC_BUTTON4”: 宏重定义
          d:\jenkins_ci\workspace\pack_sdk_isup_win32_64\common\hcehomecms\win\ehomedemo\isupdemo\Resource.h(577) : 参见“IDC_BUTTON4”的前一个定义
d:\jenkins_ci\workspace\pack_sdk_isup_win32_64\common\hcehomecms\win\ehomedemo\isupdemo\resourceEn.h(505): warning C4005: “IDC_BTN_ALARM_OK”: 宏重定义
          d:\jenkins_ci\workspace\pack_sdk_isup_win32_64\common\hcehomecms\win\ehomedemo\isupdemo\Resource.h(674) : 参见“IDC_BTN_ALARM_OK”的前一个定义
d:\jenkins_ci\workspace\pack_sdk_isup_win32_64\common\hcehomecms\win\ehomedemo\isupdemo\resourceEn.h(506): warning C4005: “IDC_BUTTON_LF_CREATE_SERVER”: 宏重定义
          d:\jenkins_ci\workspace\pack_sdk_isup_win32_64\common\hcehomecms\win\ehomedemo\isupdemo\Resource.h(398) : 参见“IDC_BUTTON_LF_CREATE_SERVER”的前一个定义
d:\jenkins_ci\workspace\pack_sdk_isup_win32_64\common\hcehomecms\win\ehomedemo\isupdemo\resourceEn.h(508): warning C4005: “IDC_BUTTON_LF_STOPLF”: 宏重定义
          d:\jenkins_ci\workspace\pack_sdk_isup_win32_64\common\hcehomecms\win\ehomedemo\isupdemo\Resource.h(424) : 参见“IDC_BUTTON_LF_STOPLF”的前一个定义
d:\jenkins_ci\workspace\pack_sdk_isup_win32_64\common\hcehomecms\win\ehomedemo\isupdemo\resourceEn.h(511): warning C4005: “IDC_BUTTON_LF_DEL_CHANNEL”: 宏重定义
          d:\jenkins_ci\workspace\pack_sdk_isup_win32_64\common\hcehomecms\win\ehomedemo\isupdemo\Resource.h(428) : 参见“IDC_BUTTON_LF_DEL_CHANNEL”的前一个定义
d:\jenkins_ci\workspace\pack_sdk_isup_win32_64\common\hcehomecms\win\ehomedemo\isupdemo\resourceEn.h(514): warning C4005: “IDC_BUTTON_LF_UPLOAD”: 宏重定义
          d:\jenkins_ci\workspace\pack_sdk_isup_win32_64\common\hcehomecms\win\ehomedemo\isupdemo\Resource.h(389) : 参见“IDC_BUTTON_LF_UPLOAD”的前一个定义
d:\jenkins_ci\workspace\pack_sdk_isup_win32_64\common\hcehomecms\win\ehomedemo\isupdemo\resourceEn.h(518): warning C4005: “IDC_BUTTON_LF_DOWNLOAD”: 宏重定义
          d:\jenkins_ci\workspace\pack_sdk_isup_win32_64\common\hcehomecms\win\ehomedemo\isupdemo\Resource.h(419) : 参见“IDC_BUTTON_LF_DOWNLOAD”的前一个定义
d:\jenkins_ci\workspace\pack_sdk_isup_win32_64\common\hcehomecms\win\ehomedemo\isupdemo\resourceEn.h(524): warning C4005: “IDC_BTN_STOREPATH_LF”: 宏重定义
          d:\jenkins_ci\workspace\pack_sdk_isup_win32_64\common\hcehomecms\win\ehomedemo\isupdemo\Resource.h(235) : 参见“IDC_BTN_STOREPATH_LF”的前一个定义
d:\jenkins_ci\workspace\pack_sdk_isup_win32_64\common\hcehomecms\win\ehomedemo\isupdemo\resourceEn.h(526): warning C4005: “IDC_LF_IP_EDIT”: 宏重定义
          d:\jenkins_ci\workspace\pack_sdk_isup_win32_64\common\hcehomecms\win\ehomedemo\isupdemo\Resource.h(681) : 参见“IDC_LF_IP_EDIT”的前一个定义
d:\jenkins_ci\workspace\pack_sdk_isup_win32_64\common\hcehomecms\win\ehomedemo\isupdemo\resourceEn.h(530): warning C4005: “IDC_LF_EDIT_PORT”: 宏重定义
          d:\jenkins_ci\workspace\pack_sdk_isup_win32_64\common\hcehomecms\win\ehomedemo\isupdemo\Resource.h(684) : 参见“IDC_LF_EDIT_PORT”的前一个定义
d:\jenkins_ci\workspace\pack_sdk_isup_win32_64\common\hcehomecms\win\ehomedemo\isupdemo\resourceEn.h(532): warning C4005: “IDC_LF_EDIT_URL”: 宏重定义
          d:\jenkins_ci\workspace\pack_sdk_isup_win32_64\common\hcehomecms\win\ehomedemo\isupdemo\Resource.h(209) : 参见“IDC_LF_EDIT_URL”的前一个定义
d:\jenkins_ci\workspace\pack_sdk_isup_win32_64\common\hcehomecms\win\ehomedemo\isupdemo\resourceEn.h(535): warning C4005: “IDC_EDIT_LF_START”: 宏重定义
          d:\jenkins_ci\workspace\pack_sdk_isup_win32_64\common\hcehomecms\win\ehomedemo\isupdemo\Resource.h(243) : 参见“IDC_EDIT_LF_START”的前一个定义
d:\jenkins_ci\workspace\pack_sdk_isup_win32_64\common\hcehomecms\win\ehomedemo\isupdemo\resourceEn.h(537): warning C4005: “IDC_EDIT_LF_END”: 宏重定义
          d:\jenkins_ci\workspace\pack_sdk_isup_win32_64\common\hcehomecms\win\ehomedemo\isupdemo\Resource.h(250) : 参见“IDC_EDIT_LF_END”的前一个定义
d:\jenkins_ci\workspace\pack_sdk_isup_win32_64\common\hcehomecms\win\ehomedemo\isupdemo\resourceEn.h(540): warning C4005: “IDC_CHECK_LF_RESUME”: 宏重定义
          d:\jenkins_ci\workspace\pack_sdk_isup_win32_64\common\hcehomecms\win\ehomedemo\isupdemo\Resource.h(687) : 参见“IDC_CHECK_LF_RESUME”的前一个定义
d:\jenkins_ci\workspace\pack_sdk_isup_win32_64\common\hcehomecms\win\ehomedemo\isupdemo\resourceEn.h(544): warning C4005: “IDC_LF_EDIT_PATH”: 宏重定义
          d:\jenkins_ci\workspace\pack_sdk_isup_win32_64\common\hcehomecms\win\ehomedemo\isupdemo\Resource.h(223) : 参见“IDC_LF_EDIT_PATH”的前一个定义
d:\jenkins_ci\workspace\pack_sdk_isup_win32_64\common\hcehomecms\win\ehomedemo\isupdemo\resourceEn.h(764): warning C4005: “IDD_DLG_UPGRADE_HTTP”: 宏重定义
          d:\jenkins_ci\workspace\pack_sdk_isup_win32_64\common\hcehomecms\win\ehomedemo\isupdemo\Resource.h(62) : 参见“IDD_DLG_UPGRADE_HTTP”的前一个定义
d:\jenkins_ci\workspace\pack_sdk_isup_win32_64\common\hcehomecms\win\ehomedemo\isupdemo\resourceEn.h(765): warning C4005: “IDD_DLG_STREAM_ENCRYPT”: 宏重定义
          d:\jenkins_ci\workspace\pack_sdk_isup_win32_64\common\hcehomecms\win\ehomedemo\isupdemo\Resource.h(68) : 参见“IDD_DLG_STREAM_ENCRYPT”的前一个定义
d:\jenkins_ci\workspace\pack_sdk_isup_win32_64\common\hcehomecms\win\ehomedemo\isupdemo\resourceEn.h(767): warning C4005: “IDC_STATIC_PROGRESS”: 宏重定义
          d:\jenkins_ci\workspace\pack_sdk_isup_win32_64\common\hcehomecms\win\ehomedemo\isupdemo\Resource.h(552) : 参见“IDC_STATIC_PROGRESS”的前一个定义
d:\jenkins_ci\workspace\pack_sdk_isup_win32_64\common\hcehomecms\win\ehomedemo\isupdemo\resourceEn.h(769): warning C4005: “IDC_BTN_STOP_UPGRADE”: 宏重定义
          d:\jenkins_ci\workspace\pack_sdk_isup_win32_64\common\hcehomecms\win\ehomedemo\isupdemo\Resource.h(498) : 参见“IDC_BTN_STOP_UPGRADE”的前一个定义
d:\jenkins_ci\workspace\pack_sdk_isup_win32_64\common\hcehomecms\win\ehomedemo\isupdemo\resourceEn.h(771): warning C4005: “IDC_PROG_UPGRADE”: 宏重定义
          d:\jenkins_ci\workspace\pack_sdk_isup_win32_64\common\hcehomecms\win\ehomedemo\isupdemo\Resource.h(548) : 参见“IDC_PROG_UPGRADE”的前一个定义
d:\jenkins_ci\workspace\pack_sdk_isup_win32_64\common\hcehomecms\win\ehomedemo\isupdemo\resourceEn.h(772): warning C4005: “IDD_DLG_ISAPI_CFG”: 宏重定义
          d:\jenkins_ci\workspace\pack_sdk_isup_win32_64\common\hcehomecms\win\ehomedemo\isupdemo\Resource.h(61) : 参见“IDD_DLG_ISAPI_CFG”的前一个定义
d:\jenkins_ci\workspace\pack_sdk_isup_win32_64\common\hcehomecms\win\ehomedemo\isupdemo\resourceEn.h(774): warning C4005: “IDD_DLG_IFRAME”: 宏重定义
          d:\jenkins_ci\workspace\pack_sdk_isup_win32_64\common\hcehomecms\win\ehomedemo\isupdemo\Resource.h(67) : 参见“IDD_DLG_IFRAME”的前一个定义
d:\jenkins_ci\workspace\pack_sdk_isup_win32_64\common\hcehomecms\win\ehomedemo\isupdemo\resourceEn.h(775): warning C4005: “IDD_DLG_CHCKE_STREAM_KEY”: 宏重定义
          d:\jenkins_ci\workspace\pack_sdk_isup_win32_64\common\hcehomecms\win\ehomedemo\isupdemo\Resource.h(70) : 参见“IDD_DLG_CHCKE_STREAM_KEY”的前一个定义
d:\jenkins_ci\workspace\pack_sdk_isup_win32_64\common\hcehomecms\win\ehomedemo\isupdemo\resourceEn.h(777): warning C4005: “IDC_EDIT_STREAM_KEY”: 宏重定义
          d:\jenkins_ci\workspace\pack_sdk_isup_win32_64\common\hcehomecms\win\ehomedemo\isupdemo\Resource.h(570) : 参见“IDC_EDIT_STREAM_KEY”的前一个定义
d:\jenkins_ci\workspace\pack_sdk_isup_win32_64\common\hcehomecms\win\ehomedemo\isupdemo\resourceEn.h(778): warning C4005: “IDC_EDIT_NEW_CODE”: 宏重定义
          d:\jenkins_ci\workspace\pack_sdk_isup_win32_64\common\hcehomecms\win\ehomedemo\isupdemo\Resource.h(565) : 参见“IDC_EDIT_NEW_CODE”的前一个定义
d:\jenkins_ci\workspace\pack_sdk_isup_win32_64\common\hcehomecms\win\ehomedemo\isupdemo\resourceEn.h(779): warning C4005: “IDC_EDIT_OLD_CODE”: 宏重定义
          d:\jenkins_ci\workspace\pack_sdk_isup_win32_64\common\hcehomecms\win\ehomedemo\isupdemo\Resource.h(567) : 参见“IDC_EDIT_OLD_CODE”的前一个定义
  DlgWirelessInfoPara.cpp
DlgWirelessInfoPara.cpp(70): warning C4267: “=”: 从“size_t”转换到“DWORD”，可能丢失数据
DlgWirelessInfoPara.cpp(71): warning C4267: “=”: 从“size_t”转换到“DWORD”，可能丢失数据
DlgWirelessInfoPara.cpp(125): warning C4267: “=”: 从“size_t”转换到“DWORD”，可能丢失数据
DlgWirelessInfoPara.cpp(126): warning C4267: “=”: 从“size_t”转换到“DWORD”，可能丢失数据
  EHomeDemo.cpp
  EHomeDemoDlg.cpp
d:\jenkins_ci\workspace\pack_sdk_isup_win32_64\common\hcehomecms\win\ehomedemo\isupdemo\HCNetUtils.h : warning C4819: 该文件包含不能在当前代码页(936)中表示的字符。请将该文件保存为 Unicode 格式以防止数据丢失
d:\jenkins_ci\workspace\pack_sdk_isup_win32_64\common\hcehomecms\win\ehomedemo\isupdemo\HCNetUtils.h(590): warning C4819: 该文件包含不能在当前代码页(936)中表示的字符。请将该文件保存为 Unicode 格式以防止数据丢失
d:\jenkins_ci\workspace\pack_sdk_isup_win32_64\common\hcehomecms\win\ehomedemo\isupdemo\HCNetUtils.h(1262): warning C4819: 该文件包含不能在当前代码页(936)中表示的字符。请将该文件保存为 Unicode 格式以防止数据丢失
d:\jenkins_ci\workspace\pack_sdk_isup_win32_64\common\hcehomecms\win\ehomedemo\isupdemo\Resource.h(61): warning C4005: “IDD_DLG_ISAPI_CFG”: 宏重定义
          d:\jenkins_ci\workspace\pack_sdk_isup_win32_64\common\hcehomecms\win\ehomedemo\isupdemo\resourceEn.h(772) : 参见“IDD_DLG_ISAPI_CFG”的前一个定义
d:\jenkins_ci\workspace\pack_sdk_isup_win32_64\common\hcehomecms\win\ehomedemo\isupdemo\Resource.h(62): warning C4005: “IDD_DLG_UPGRADE_HTTP”: 宏重定义
          d:\jenkins_ci\workspace\pack_sdk_isup_win32_64\common\hcehomecms\win\ehomedemo\isupdemo\resourceEn.h(764) : 参见“IDD_DLG_UPGRADE_HTTP”的前一个定义
d:\jenkins_ci\workspace\pack_sdk_isup_win32_64\common\hcehomecms\win\ehomedemo\isupdemo\Resource.h(67): warning C4005: “IDD_DLG_IFRAME”: 宏重定义
          d:\jenkins_ci\workspace\pack_sdk_isup_win32_64\common\hcehomecms\win\ehomedemo\isupdemo\resourceEn.h(774) : 参见“IDD_DLG_IFRAME”的前一个定义
d:\jenkins_ci\workspace\pack_sdk_isup_win32_64\common\hcehomecms\win\ehomedemo\isupdemo\Resource.h(68): warning C4005: “IDD_DLG_STREAM_ENCRYPT”: 宏重定义
          d:\jenkins_ci\workspace\pack_sdk_isup_win32_64\common\hcehomecms\win\ehomedemo\isupdemo\resourceEn.h(765) : 参见“IDD_DLG_STREAM_ENCRYPT”的前一个定义
d:\jenkins_ci\workspace\pack_sdk_isup_win32_64\common\hcehomecms\win\ehomedemo\isupdemo\Resource.h(69): warning C4005: “IDD_DIALOG3”: 宏重定义
          d:\jenkins_ci\workspace\pack_sdk_isup_win32_64\common\hcehomecms\win\ehomedemo\isupdemo\resourceEn.h(55) : 参见“IDD_DIALOG3”的前一个定义
d:\jenkins_ci\workspace\pack_sdk_isup_win32_64\common\hcehomecms\win\ehomedemo\isupdemo\Resource.h(70): warning C4005: “IDD_DLG_CHCKE_STREAM_KEY”: 宏重定义
          d:\jenkins_ci\workspace\pack_sdk_isup_win32_64\common\hcehomecms\win\ehomedemo\isupdemo\resourceEn.h(775) : 参见“IDD_DLG_CHCKE_STREAM_KEY”的前一个定义
d:\jenkins_ci\workspace\pack_sdk_isup_win32_64\common\hcehomecms\win\ehomedemo\isupdemo\Resource.h(73): warning C4005: “IDD_DLG_STORAGESERVER”: 宏重定义
          d:\jenkins_ci\workspace\pack_sdk_isup_win32_64\common\hcehomecms\win\ehomedemo\isupdemo\resourceEn.h(57) : 参见“IDD_DLG_STORAGESERVER”的前一个定义
d:\jenkins_ci\workspace\pack_sdk_isup_win32_64\common\hcehomecms\win\ehomedemo\isupdemo\Resource.h(75): warning C4005: “IDD_DLG_SETPLAYERPARAM”: 宏重定义
          d:\jenkins_ci\workspace\pack_sdk_isup_win32_64\common\hcehomecms\win\ehomedemo\isupdemo\resourceEn.h(62) : 参见“IDD_DLG_SETPLAYERPARAM”的前一个定义
d:\jenkins_ci\workspace\pack_sdk_isup_win32_64\common\hcehomecms\win\ehomedemo\isupdemo\Resource.h(209): warning C4005: “IDC_LF_EDIT_URL”: 宏重定义
          d:\jenkins_ci\workspace\pack_sdk_isup_win32_64\common\hcehomecms\win\ehomedemo\isupdemo\resourceEn.h(532) : 参见“IDC_LF_EDIT_URL”的前一个定义
d:\jenkins_ci\workspace\pack_sdk_isup_win32_64\common\hcehomecms\win\ehomedemo\isupdemo\Resource.h(223): warning C4005: “IDC_LF_EDIT_PATH”: 宏重定义
          d:\jenkins_ci\workspace\pack_sdk_isup_win32_64\common\hcehomecms\win\ehomedemo\isupdemo\resourceEn.h(544) : 参见“IDC_LF_EDIT_PATH”的前一个定义
d:\jenkins_ci\workspace\pack_sdk_isup_win32_64\common\hcehomecms\win\ehomedemo\isupdemo\Resource.h(235): warning C4005: “IDC_BTN_STOREPATH_LF”: 宏重定义
          d:\jenkins_ci\workspace\pack_sdk_isup_win32_64\common\hcehomecms\win\ehomedemo\isupdemo\resourceEn.h(524) : 参见“IDC_BTN_STOREPATH_LF”的前一个定义
d:\jenkins_ci\workspace\pack_sdk_isup_win32_64\common\hcehomecms\win\ehomedemo\isupdemo\Resource.h(243): warning C4005: “IDC_EDIT_LF_START”: 宏重定义
          d:\jenkins_ci\workspace\pack_sdk_isup_win32_64\common\hcehomecms\win\ehomedemo\isupdemo\resourceEn.h(535) : 参见“IDC_EDIT_LF_START”的前一个定义
d:\jenkins_ci\workspace\pack_sdk_isup_win32_64\common\hcehomecms\win\ehomedemo\isupdemo\Resource.h(250): warning C4005: “IDC_EDIT_LF_END”: 宏重定义
          d:\jenkins_ci\workspace\pack_sdk_isup_win32_64\common\hcehomecms\win\ehomedemo\isupdemo\resourceEn.h(537) : 参见“IDC_EDIT_LF_END”的前一个定义
d:\jenkins_ci\workspace\pack_sdk_isup_win32_64\common\hcehomecms\win\ehomedemo\isupdemo\Resource.h(389): warning C4005: “IDC_BUTTON_LF_UPLOAD”: 宏重定义
          d:\jenkins_ci\workspace\pack_sdk_isup_win32_64\common\hcehomecms\win\ehomedemo\isupdemo\resourceEn.h(514) : 参见“IDC_BUTTON_LF_UPLOAD”的前一个定义
d:\jenkins_ci\workspace\pack_sdk_isup_win32_64\common\hcehomecms\win\ehomedemo\isupdemo\Resource.h(398): warning C4005: “IDC_BUTTON_LF_CREATE_SERVER”: 宏重定义
          d:\jenkins_ci\workspace\pack_sdk_isup_win32_64\common\hcehomecms\win\ehomedemo\isupdemo\resourceEn.h(506) : 参见“IDC_BUTTON_LF_CREATE_SERVER”的前一个定义
d:\jenkins_ci\workspace\pack_sdk_isup_win32_64\common\hcehomecms\win\ehomedemo\isupdemo\Resource.h(419): warning C4005: “IDC_BUTTON_LF_DOWNLOAD”: 宏重定义
          d:\jenkins_ci\workspace\pack_sdk_isup_win32_64\common\hcehomecms\win\ehomedemo\isupdemo\resourceEn.h(518) : 参见“IDC_BUTTON_LF_DOWNLOAD”的前一个定义
d:\jenkins_ci\workspace\pack_sdk_isup_win32_64\common\hcehomecms\win\ehomedemo\isupdemo\Resource.h(424): warning C4005: “IDC_BUTTON_LF_STOPLF”: 宏重定义
          d:\jenkins_ci\workspace\pack_sdk_isup_win32_64\common\hcehomecms\win\ehomedemo\isupdemo\resourceEn.h(508) : 参见“IDC_BUTTON_LF_STOPLF”的前一个定义
d:\jenkins_ci\workspace\pack_sdk_isup_win32_64\common\hcehomecms\win\ehomedemo\isupdemo\Resource.h(428): warning C4005: “IDC_BUTTON_LF_DEL_CHANNEL”: 宏重定义
          d:\jenkins_ci\workspace\pack_sdk_isup_win32_64\common\hcehomecms\win\ehomedemo\isupdemo\resourceEn.h(511) : 参见“IDC_BUTTON_LF_DEL_CHANNEL”的前一个定义
d:\jenkins_ci\workspace\pack_sdk_isup_win32_64\common\hcehomecms\win\ehomedemo\isupdemo\Resource.h(498): warning C4005: “IDC_BTN_STOP_UPGRADE”: 宏重定义
          d:\jenkins_ci\workspace\pack_sdk_isup_win32_64\common\hcehomecms\win\ehomedemo\isupdemo\resourceEn.h(769) : 参见“IDC_BTN_STOP_UPGRADE”的前一个定义
d:\jenkins_ci\workspace\pack_sdk_isup_win32_64\common\hcehomecms\win\ehomedemo\isupdemo\Resource.h(548): warning C4005: “IDC_PROG_UPGRADE”: 宏重定义
          d:\jenkins_ci\workspace\pack_sdk_isup_win32_64\common\hcehomecms\win\ehomedemo\isupdemo\resourceEn.h(771) : 参见“IDC_PROG_UPGRADE”的前一个定义
d:\jenkins_ci\workspace\pack_sdk_isup_win32_64\common\hcehomecms\win\ehomedemo\isupdemo\Resource.h(552): warning C4005: “IDC_STATIC_PROGRESS”: 宏重定义
          d:\jenkins_ci\workspace\pack_sdk_isup_win32_64\common\hcehomecms\win\ehomedemo\isupdemo\resourceEn.h(767) : 参见“IDC_STATIC_PROGRESS”的前一个定义
d:\jenkins_ci\workspace\pack_sdk_isup_win32_64\common\hcehomecms\win\ehomedemo\isupdemo\Resource.h(565): warning C4005: “IDC_EDIT_NEW_CODE”: 宏重定义
          d:\jenkins_ci\workspace\pack_sdk_isup_win32_64\common\hcehomecms\win\ehomedemo\isupdemo\resourceEn.h(778) : 参见“IDC_EDIT_NEW_CODE”的前一个定义
d:\jenkins_ci\workspace\pack_sdk_isup_win32_64\common\hcehomecms\win\ehomedemo\isupdemo\Resource.h(567): warning C4005: “IDC_EDIT_OLD_CODE”: 宏重定义
          d:\jenkins_ci\workspace\pack_sdk_isup_win32_64\common\hcehomecms\win\ehomedemo\isupdemo\resourceEn.h(779) : 参见“IDC_EDIT_OLD_CODE”的前一个定义
d:\jenkins_ci\workspace\pack_sdk_isup_win32_64\common\hcehomecms\win\ehomedemo\isupdemo\Resource.h(570): warning C4005: “IDC_EDIT_STREAM_KEY”: 宏重定义
          d:\jenkins_ci\workspace\pack_sdk_isup_win32_64\common\hcehomecms\win\ehomedemo\isupdemo\resourceEn.h(777) : 参见“IDC_EDIT_STREAM_KEY”的前一个定义
d:\jenkins_ci\workspace\pack_sdk_isup_win32_64\common\hcehomecms\win\ehomedemo\isupdemo\Resource.h(577): warning C4005: “IDC_BUTTON4”: 宏重定义
          d:\jenkins_ci\workspace\pack_sdk_isup_win32_64\common\hcehomecms\win\ehomedemo\isupdemo\resourceEn.h(504) : 参见“IDC_BUTTON4”的前一个定义
d:\jenkins_ci\workspace\pack_sdk_isup_win32_64\common\hcehomecms\win\ehomedemo\isupdemo\Resource.h(674): warning C4005: “IDC_BTN_ALARM_OK”: 宏重定义
          d:\jenkins_ci\workspace\pack_sdk_isup_win32_64\common\hcehomecms\win\ehomedemo\isupdemo\resourceEn.h(505) : 参见“IDC_BTN_ALARM_OK”的前一个定义
d:\jenkins_ci\workspace\pack_sdk_isup_win32_64\common\hcehomecms\win\ehomedemo\isupdemo\Resource.h(681): warning C4005: “IDC_LF_IP_EDIT”: 宏重定义
          d:\jenkins_ci\workspace\pack_sdk_isup_win32_64\common\hcehomecms\win\ehomedemo\isupdemo\resourceEn.h(526) : 参见“IDC_LF_IP_EDIT”的前一个定义
d:\jenkins_ci\workspace\pack_sdk_isup_win32_64\common\hcehomecms\win\ehomedemo\isupdemo\Resource.h(684): warning C4005: “IDC_LF_EDIT_PORT”: 宏重定义
          d:\jenkins_ci\workspace\pack_sdk_isup_win32_64\common\hcehomecms\win\ehomedemo\isupdemo\resourceEn.h(530) : 参见“IDC_LF_EDIT_PORT”的前一个定义
d:\jenkins_ci\workspace\pack_sdk_isup_win32_64\common\hcehomecms\win\ehomedemo\isupdemo\Resource.h(687): warning C4005: “IDC_CHECK_LF_RESUME”: 宏重定义
          d:\jenkins_ci\workspace\pack_sdk_isup_win32_64\common\hcehomecms\win\ehomedemo\isupdemo\resourceEn.h(540) : 参见“IDC_CHECK_LF_RESUME”的前一个定义
EHomeDemoDlg.cpp(264): warning C4267: “初始化”: 从“size_t”转换到“DWORD”，可能丢失数据
EHomeDemoDlg.cpp(315): warning C4267: “初始化”: 从“size_t”转换到“DWORD”，可能丢失数据
EHomeDemoDlg.cpp(356): warning C4267: “初始化”: 从“size_t”转换到“DWORD”，可能丢失数据
EHomeDemoDlg.cpp(432): warning C4267: “初始化”: 从“size_t”转换到“DWORD”，可能丢失数据
EHomeDemoDlg.cpp(468): warning C4267: “参数”: 从“size_t”转换到“int”，可能丢失数据
EHomeDemoDlg.cpp(497): warning C4267: “参数”: 从“size_t”转换到“int”，可能丢失数据
EHomeDemoDlg.cpp(507): warning C4267: “初始化”: 从“size_t”转换到“DWORD”，可能丢失数据
EHomeDemoDlg.cpp(533): warning C4267: “参数”: 从“size_t”转换到“int”，可能丢失数据
EHomeDemoDlg.cpp(2031): warning C4244: “=”: 从“DWORD”转换到“BYTE”，可能丢失数据
EHomeDemoDlg.cpp(2072): warning C4244: “初始化”: 从“LPARAM”转换到“int”，可能丢失数据
EHomeDemoDlg.cpp(2073): warning C4244: “初始化”: 从“WPARAM”转换到“int”，可能丢失数据
EHomeDemoDlg.cpp(3402): warning C4244: “初始化”: 从“LPARAM”转换到“int”，可能丢失数据
EHomeDemoDlg.cpp(4359): warning C4267: “初始化”: 从“size_t”转换到“int”，可能丢失数据
EHomeDemoDlg.cpp(4498): warning C4267: “参数”: 从“size_t”转换到“UINT”，可能丢失数据
EHomeDemoDlg.cpp(4648): warning C4244: “初始化”: 从“DWORD_PTR”转换到“DWORD”，可能丢失数据
EHomeDemoDlg.cpp(4666): warning C4244: “=”: 从“DWORD_PTR”转换到“DWORD”，可能丢失数据
EHomeDemoDlg.cpp(4990): warning C4244: “=”: 从“DWORD_PTR”转换到“int”，可能丢失数据
EHomeDemoDlg.cpp(5001): warning C4244: “=”: 从“DWORD_PTR”转换到“int”，可能丢失数据
EHomeDemoDlg.cpp(5184): warning C4244: “=”: 从“UINT_PTR”转换到“int”，可能丢失数据
EHomeDemoDlg.cpp(5816): warning C4244: “=”: 从“DWORD”转换到“BYTE”，可能丢失数据
EHomeDemoDlg.cpp(7043): warning C4267: “=”: 从“size_t”转换到“DWORD”，可能丢失数据
EHomeDemoDlg.cpp(7044): warning C4267: “=”: 从“size_t”转换到“DWORD”，可能丢失数据
  cjson.cpp
Public\cjson\cjson.cpp(362): warning C4267: “+=”: 从“size_t”转换到“int”，可能丢失数据
Public\cjson\cjson.cpp(462): warning C4267: “+=”: 从“size_t”转换到“int”，可能丢失数据
  Convert.cpp
Public\Convert\Convert.cpp(322): warning C4018: “>”: 有符号/无符号不匹配
  tinystr.cpp
  tinyxml.cpp
  tinyxmlerror.cpp
  tinyxmlparser.cpp
  XmlBase.cpp
  SoundIn.cpp
  SubDlgAlarmCfg.cpp
  SubDlgChanCfg.cpp
  SubDlgDeviceCfg.cpp
  SubDlgNetworkCfg.cpp
  SubDlgXmlCfg.cpp
SubDlgXmlCfg.cpp(356): warning C4267: “=”: 从“size_t”转换到“DWORD”，可能丢失数据
SubDlgXmlCfg.cpp(440): warning C4267: “=”: 从“size_t”转换到“DWORD”，可能丢失数据
  WaveSound.cpp
  正在生成代码
  已完成代码的生成
  EHomeDemo.vcxproj -> D:\jenkins_ci\workspace\Pack_SDK_ISUP_Win32_64\common\HCEHomeCMS\win\EHomeDemo\ISUPDemo\..\..\lib64\ISUPDemoEn.exe
  已复制         1 个文件。
  do nothing
