The COM:HCCoreBase ver is 1.0.0.2, 2019_07_24. Async:1.
version:HCISUPStream version is 2.5.1.35, 2024_11_01.
[2025-06-17 22:32:11.947][ERR] CCoreGlobalCtrlBase::LoadDSo, HPR_LoadDSo Failed, dwDll[3], Path[zlib1.dll] syserror[126]
[2025-06-17 22:32:11.948][ERR] LoadZlib, LoadDSo Failed, syserror[126]
[2025-06-17 22:32:11.950][DBG] COM_PUB_SetAAPComPath, ICONV_LIB[D:/NEW/HK/ISUPSDK_PYTHON_DEMO_BASE/lib/HCAapSDKCom/libiconv2.dll]
[2025-06-17 22:32:11.950][DBG] COM_PUB_SetAAPComPath, STREAMCONVERT_LIB[D:/NEW/HK/ISUPSDK_PYTHON_DEMO_BASE/lib/HCAapSDKCom/SystemTransform.dll]
[2025-06-17 22:32:11.950][DBG] NET_ESTREAM_SetSDKLocalCfg, COM_PATH, SUCC
[2025-06-17 22:32:11.952][ERR] CCoreGlobalCtrlBase::LoadDSo, HPR_LoadDSo Failed, dwDll[3], Path[zlib1.dll] syserror[126]
[2025-06-17 22:32:11.952][ERR] LoadZlib, LoadDSo Failed, syserror[126]
[2025-06-17 22:43:37.880][DBG] CMemoryMgr::CreateMemoryPool, nIndex[10], dwChunkSize[246312], nOnceAlloc[16], nMaxAlloc[20480]
[2025-06-17 22:43:37.880][DBG] CServerLinkMgr::CServerLinkMgr, CreateMemoryPool SUCC, MemPoolIndex[10]
[2025-06-17 22:43:37.880][DBG] CMemoryMgr::AllocMemoryPoolByIndex, CMemoryMgr[0x7E52CB60], MemPoolIndex[10], MemPool[0x35D09E0], dwChunkSize[246312]
[2025-06-17 22:43:37.880][DBG] CMemoryMgr::AllocMemoryPoolByIndex, CMemoryMgr[0x7E52CB60], MemPoolIndex[0], MemPool[0x35D1BE0], dwChunkSize[16]
[2025-06-17 22:43:37.882][DBG] [0]CStreamListenPreviewSession::Start, SUCC, m_iServerLink[0], Addr[192.168.0.71:7665], byLinkMode[0]
[2025-06-17 22:43:37.882][DBG] NET_ESTREAM_StartListenPreview, Create SUCC, iHandle[0], byLinkMode[0]
[2025-06-17 22:43:37.894][DBG] [0]CServerLinkTCP::ListenProcess, HPR_Accept, socket[1716], iLinkIndex[0]
[2025-06-17 22:43:37.907][DBG] CMemoryMgr::AllocMemoryPoolByIndex, CMemoryMgr[0x7E52CB60], MemPoolIndex[7], MemPool[0x35D0B60], dwChunkSize[33904]
[2025-06-17 22:43:37.909][DBG] CMemoryMgr::AllocMemoryPoolByIndex, CMemoryMgr[0x7E52CB60], MemPoolIndex[2], MemPool[0x35D1C60], dwChunkSize[128]
[2025-06-17 22:43:37.911][DBG] CMemoryMgr::AllocMemoryPoolByIndex, CMemoryMgr[0x7E52CB60], MemPoolIndex[5], MemPool[0x35D1560], dwChunkSize[1560]
[2025-06-17 22:43:37.912][DBG] CAsyncManager::CreateHandle, SUCC, iHandle[0], pObject[0x54FF374]
[2025-06-17 22:43:37.912][DBG] [0x54FF374]CLinkAsyncIO::Start, SUCC, m_socketAsyncIO[1716], m_bCmdAsync[0], m_iAsyncHandle[0]
[2025-06-17 22:43:37.912][DBG] [0]CPreviewSession::Start, SUCC, dwLinkType[0], iStreamLinkHandle[0], Addr[:0]
[2025-06-17 22:43:37.913][DBG] [0x384E2F0]CGetTCPStream::Start, bRet[1], Addr[:0]
[2025-06-17 22:43:37.913][DBG] [0]CPreviewSession::CreateGetStream, m_pGetStream[0x384E2F0], iLinkHandle[0], Addr[:0], bRet[1]
[2025-06-17 22:43:38.021][DBG] NET_ESTREAM_SetPreviewDataCB, iHandle[0], bRet[1]
[2025-06-17 22:43:38.077][DBG] CStreamConvert::LoadConvertLib, Load Succ, m_iInitCount[1]
[2025-06-17 22:43:38.077][DBG] [0x384E2F0]CGetStreamBase::CreateStreamConvert, SUCC, m_pRealStreamConvert[0x7DE39DA0], Addr[:0], m_iSessionIndex[0]
[2025-06-17 22:43:38.087][ERR] [0x7DE39DA0]CStreamConvert::InputData, SYSTRANS_InputData Failed, m_hTranHandle[-2147042208], hRes[0x800000FF], iBufLen[332]
[2025-06-17 22:43:38.087][ERR] [0x384E2F0]CGetStreamBase::PushDateToGetStreamCB_WithoutLock, InputData Failed, m_iSessionIndex[0], dwLen[332], Addr[:0]
[2025-06-17 22:43:38.093][ERR] [0x7DE39DA0]CStreamConvert::InputData, SYSTRANS_InputData Failed, m_hTranHandle[-2147042208], hRes[0x800000FF], iBufLen[332]
[2025-06-17 22:43:38.093][ERR] [0x384E2F0]CGetStreamBase::PushDateToGetStreamCB_WithoutLock, InputData Failed, m_iSessionIndex[0], dwLen[332], Addr[:0]
[2025-06-17 22:43:42.941][DBG] [0]CPreviewSessionTCP::Stop, Addr[:0], m_pGetStream[0x384E2F0]
[2025-06-17 22:43:42.958][DBG] [0x54FF374]CLinkAsyncIO::Stop, m_socketAsyncIO[1716], m_iAsyncHandle[0]
[2025-06-17 22:43:42.958][DBG] [0x54FF374]CLinkAsyncIO::Stop, HPR_CloseSocket, m_socket[1716], m_iAsyncHandle[0]
[2025-06-17 22:43:42.970][DBG] CAsyncManager::DestoryHandle, m_dwCurrentCap[64], m_dwCurrentCount[0], iHandle[0]
[2025-06-17 22:43:42.970][DBG] [0]CPreviewSession::CleanupResource, delete m_pGetStream[0x384E2F0]
[2025-06-17 22:43:42.970][DBG] [0x384E2F0]CGetTCPStream::Stop, Addr[:0]
[2025-06-17 22:43:42.970][DBG] [0x384E2F0]CGetStreamBase::DeleteStreamConvert, m_pRealStreamConvert[0x7DE39DA0], Addr[:0], m_iSessionIndex[0]
[2025-06-17 22:43:42.970][DBG] [0x7DE39DA0]CStreamConvert::Release, Finish
[2025-06-17 22:43:42.970][DBG] [0x7DE39DA0]CStreamConvert::Stop, Finish
[2025-06-17 22:43:42.970][DBG] [0x384E2F0]CGetStreamBase::DeleteStreamConvert, m_pRealStreamConvert[0x0], Addr[:0], m_iSessionIndex[0]
[2025-06-17 22:43:42.970][DBG] NET_ESTREAM_StopPreview, SUCC, lPreviewHandle[0]
