The COM:HCCoreBase ver is 1.0.0.2, 2019_07_24. Async:1.
version:HCISUPSS version is 2.5.1.35, 2024_11_01.
[2025-06-17 22:32:11.819][ERR] CCoreGlobalCtrlBase::LoadDSo, HPR_LoadDSo Failed, dwDll[3], Path[zlib1.dll] syserror[126]
[2025-06-17 22:32:11.819][ERR] LoadZlib, LoadDSo Failed, syserror[126]
[2025-06-17 22:32:11.821][ERR] CCoreGlobalCtrlBase::LoadDSo, HPR_LoadDSo Failed, dwDll[3], Path[zlib1.dll] syserror[126]
[2025-06-17 22:32:11.821][ERR] LoadZlib, LoadDSo Failed, syserror[126]
[2025-06-17 22:32:11.821][DBG] CMemoryMgr::AllocMemoryPoolByIndex, CMemoryMgr[0x7E52CD40], MemPoolIndex[1], MemPool[0x7E536DA0], dwChunkSize[32]
[2025-06-17 22:32:11.823][DBG] CMemoryMgr::CreateMemoryPool, nIndex[7], dwChunkSize[246312], nOnceAlloc[16], nMaxAlloc[20480]
[2025-06-17 22:32:11.823][DBG] CServerLinkMgr::CServerLinkMgr, CreateMemoryPool SUCC, MemPoolIndex[7]
[2025-06-17 22:32:11.823][DBG] CMemoryMgr::AllocMemoryPoolByIndex, CMemoryMgr[0x7E52CD40], MemPoolIndex[7], MemPool[0x7E5366A0], dwChunkSize[246312]
[2025-06-17 22:32:11.823][DBG] CMemoryMgr::AllocMemoryPoolByIndex, CMemoryMgr[0x7E52CD40], MemPoolIndex[0], MemPool[0x7E5364A0], dwChunkSize[16]
[2025-06-17 22:32:11.823][DBG] NET_HTTPSERVER_CreateListenEx, SUCC, iHandle[0], Addr[192.168.0.71:6011], byHttps[0], byVerifyMode[0], dwSSLVersion[0]
[2025-06-17 22:32:11.823][DBG] NET_ESS_StartListen, Addr[192.168.0.71:6011], iHandle[0]
[2025-06-17 22:40:04.093][ERR] [0]CServerLinkTCP::ListenProcess, Accept Rate[0]/s, dwAcceptCount[1]
[2025-06-17 22:40:04.093][DBG] [0]CServerLinkTCP::ListenProcess, HPR_Accept, socket[1680], iLinkIndex[0]
[2025-06-17 22:40:04.303][DBG] CHttpServerMgr::CreateThreadPool, CoreBase_CreateThreadPool Succ, [128]
[2025-06-17 22:40:04.304][DBG] CMemoryMgr::AllocMemoryPoolByIndex, CMemoryMgr[0x7E52CD40], MemPoolIndex[2], MemPool[0x35D11E0], dwChunkSize[128]
[2025-06-17 22:40:04.305][DBG] CMemoryMgr::AllocMemoryPoolByIndex, CMemoryMgr[0x7E52CD40], MemPoolIndex[5], MemPool[0x35D17E0], dwChunkSize[1560]
[2025-06-17 22:40:04.305][DBG] CAsyncManager::CreateHandle, SUCC, iHandle[0], pObject[0x550D094]
[2025-06-17 22:40:04.305][DBG] [0x550D094]CLinkAsyncIO::Start, SUCC, m_socketAsyncIO[1680], m_bCmdAsync[0], m_iAsyncHandle[0]
[2025-06-17 22:40:04.306][DBG] [0]CHttpListenSession::ServerDataCallBack, Create SUCC, Socket[1680], iHandle[0]
[2025-06-17 22:40:04.306][INF] CSSListenHTTP::HttpServerDataCB, m_iHttpCallbackCount[1]
[2025-06-17 22:40:04.307][INF] CProtocolProcCloud::ProcGetBestNode, bestNodeNumbertest[1]
[2025-06-17 22:40:04.314][DBG] [0]NET_HTTPSERVER_ReplyV2, SUCC, bAutoClose[0], dwStreamID[0]
[2025-06-17 22:40:04.314][INF] CSSListenHTTP::HttpServerDataCB, Finish, m_iHttpCallbackCount[1]
[2025-06-17 22:40:09.331][INF] CSSListenHTTP::HttpServerDataCB, m_iHttpCallbackCount[1]
[2025-06-17 22:40:09.346][INF] CSSListenHTTP::HttpServerDataCB, dwStatus[65535], m_iHttpCallbackCount[1]
[2025-06-17 22:40:09.362][DBG] [0]NET_HTTPSERVER_Close, bRet[1], bForceClose[1], bSetLinkForceClose[1]
[2025-06-17 22:40:09.378][DBG] [0x550D094]CLinkAsyncIO::Stop, m_socketAsyncIO[1680], m_iAsyncHandle[0]
[2025-06-17 22:40:09.378][DBG] [0x550D094]CLinkAsyncIO::Stop, HPR_CloseSocket, m_socket[1680], m_iAsyncHandle[0]
[2025-06-17 22:40:09.378][DBG] CAsyncManager::DestoryHandle, m_dwCurrentCap[64], m_dwCurrentCount[0], iHandle[0]
[2025-06-17 22:41:27.266][DBG] [0]CHttpClientSession::Start, SUCC
[2025-06-17 22:41:27.266][DBG] NET_HTTPCLIENT_Create, Create SUCC, iHandle[0]
[2025-06-17 22:41:27.266][DBG] NET_ESS_CreateClient, enumType[4], Addr[192.168.0.71:6011], iHandle[0]
[2025-06-17 22:41:27.266][DBG] [0]CHttpClientSession::SetHttpParam, ENUM_HTTP_SEND_TIMEOUT, m_dwSendTimeOut[6000]
[2025-06-17 22:41:27.266][ERR] [0]CSSClientBase::SetParam not pClientKMS!
[2025-06-17 22:41:27.266][ERR] CSSClientMgr::SetParam, SetParam Failed, lHandle[0]
[2025-06-17 22:41:27.266][ERR] [0]NET_ESS_ClientSetParam, SetParam Failed
[2025-06-17 22:41:27.266][ERR] [0]CSSClientBase::SetParam not pClientKMS!
[2025-06-17 22:41:27.266][ERR] CSSClientMgr::SetParam, SetParam Failed, lHandle[0]
[2025-06-17 22:41:27.266][ERR] [0]NET_ESS_ClientSetParam, SetParam Failed
[2025-06-17 22:41:27.267][ERR] [0]CSSClientCloud::DoUpload, fopen Failed
[2025-06-17 22:41:27.267][ERR] CSSClientMgr::DoUpload3, DoUpload Failed, lHandle[0]
[2025-06-17 22:41:27.267][ERR] [0]NET_ESS_ClientDoUpload, DoUpload Failed, Error[17]
[2025-06-17 22:41:27.268][ERR] [0]CHttpClientSession::CloseLink, m_pLink == NULL
[2025-06-17 22:41:27.268][DBG] [0]CHttpClientSession::Stop, Finish
[2025-06-17 22:41:27.268][DBG] [0]NET_HTTPCLIENT_Destroy, SUCC
[2025-06-17 22:41:33.323][ERR] [0]CServerLinkTCP::ListenProcess, Accept Rate[0]/s, dwAcceptCount[1]
[2025-06-17 22:41:33.323][DBG] [0]CServerLinkTCP::ListenProcess, HPR_Accept, socket[1716], iLinkIndex[0]
[2025-06-17 22:41:33.346][DBG] CAsyncManager::CreateHandle, SUCC, iHandle[1], pObject[0x550D094]
[2025-06-17 22:41:33.346][DBG] [0x550D094]CLinkAsyncIO::Start, SUCC, m_socketAsyncIO[1716], m_bCmdAsync[0], m_iAsyncHandle[1]
[2025-06-17 22:41:33.346][DBG] [0]CHttpListenSession::ServerDataCallBack, Create SUCC, Socket[1716], iHandle[1]
[2025-06-17 22:41:33.347][INF] CSSListenHTTP::HttpServerDataCB, m_iHttpCallbackCount[1]
[2025-06-17 22:41:33.351][DBG] CCoreGlobalCtrlBase::LoadDSo, HPR_LoadDSo Succ, Path[D:\NEW\HK\ISUPSDK_PYTHON_DEMO_BASE\lib\libeay32.dll], hHandleRet[-234946560]
[2025-06-17 22:41:33.351][DBG] CCoreGlobalCtrlBase::LoadDSo, HPR_LoadDSo Succ, Path[D:\NEW\HK\ISUPSDK_PYTHON_DEMO_BASE\lib\ssleay32.dll], hHandleRet[-9633792]
[2025-06-17 22:41:33.352][DBG] COpenSSLAPI::GetOpenSSLVersion, m_fnSSLeayVersion, OpensslVersion[OpenSSL 1.0.2t  10 Sep 2019]
[2025-06-17 22:41:33.352][DBG] COpenSSLAPI::LoadAPI, m_dwOpenSSLVeresion[0x10002032]
[2025-06-17 22:41:33.352][DBG] COpenSSLAPI::IsAllAPILoaded, Function[OpenSSL_version] Unload
[2025-06-17 22:41:33.352][DBG] CSSLTrans::LoadSSLLib, Not All Function Loaded
[2025-06-17 22:41:33.353][DBG] OpenSSL: SSLeay Version[OpenSSL 1.0.2t  10 Sep 2019]
[2025-06-17 22:41:33.353][INF] CSSLTrans::SSLCtxInit, dwSSLVersion[0], m_fnClientMethodV23
[2025-06-17 22:41:33.357][ERR] CDeviceDataBase::InsertDataToDB, Invalid Param, pTableName[0xF0F0E078], pPicPath[0xC14B56E8], dwPicPathLen[0], pUriBuffer[0xC14BCDB0], dwUriBufferLen[39]
[2025-06-17 22:41:33.359][ERR] [0xC14BBCD8]CBusinessProc::SaveFile, InsertDataToDB Failed
[2025-06-17 22:41:33.359][ERR] CProtocolProcCloud::ProcUploadFile, 1 savefile failed
[2025-06-17 22:41:33.359][DBG] [1]NET_HTTPSERVER_ReplyV2, SUCC, bAutoClose[0], dwStreamID[0]
[2025-06-17 22:41:33.359][INF] CSSListenHTTP::HttpServerDataCB, Finish, m_iHttpCallbackCount[1]
[2025-06-17 22:41:33.362][DBG] [0]CServerLinkTCP::ListenProcess, HPR_Accept, socket[1640], iLinkIndex[0]
[2025-06-17 22:41:33.362][DBG] CAsyncManager::CreateHandle, SUCC, iHandle[2], pObject[0x550D6B0]
[2025-06-17 22:41:33.362][DBG] [0x550D6B0]CLinkAsyncIO::Start, SUCC, m_socketAsyncIO[1640], m_bCmdAsync[0], m_iAsyncHandle[2]
[2025-06-17 22:41:33.362][DBG] [0]CHttpListenSession::ServerDataCallBack, Create SUCC, Socket[1640], iHandle[2]
[2025-06-17 22:41:33.362][INF] CSSListenHTTP::HttpServerDataCB, m_iHttpCallbackCount[1]
[2025-06-17 22:41:33.362][INF] CProtocolProcCloud::ProcGetBestNode, bestNodeNumbertest[2]
[2025-06-17 22:41:33.366][DBG] [2]NET_HTTPSERVER_ReplyV2, SUCC, bAutoClose[0], dwStreamID[0]
[2025-06-17 22:41:33.366][INF] CSSListenHTTP::HttpServerDataCB, Finish, m_iHttpCallbackCount[1]
[2025-06-17 22:41:33.368][DBG] [0]CServerLinkTCP::ListenProcess, HPR_Accept, socket[1596], iLinkIndex[0]
[2025-06-17 22:41:33.368][DBG] CAsyncManager::CreateHandle, SUCC, iHandle[3], pObject[0x550DCCC]
[2025-06-17 22:41:33.368][DBG] [0x550DCCC]CLinkAsyncIO::Start, SUCC, m_socketAsyncIO[1596], m_bCmdAsync[0], m_iAsyncHandle[3]
[2025-06-17 22:41:33.368][DBG] [0]CHttpListenSession::ServerDataCallBack, Create SUCC, Socket[1596], iHandle[3]
[2025-06-17 22:41:33.378][INF] CSSListenHTTP::HttpServerDataCB, m_iHttpCallbackCount[1]
[2025-06-17 22:41:33.383][ERR] CDeviceDataBase::InsertDataToDB, Invalid Param, pTableName[0xF0F0E078], pPicPath[0xC14B56E8], dwPicPathLen[0], pUriBuffer[0xC14BCDB0], dwUriBufferLen[39]
[2025-06-17 22:41:33.383][ERR] [0xC14BBCD8]CBusinessProc::SaveFile, InsertDataToDB Failed
[2025-06-17 22:41:33.383][ERR] CProtocolProcCloud::ProcUploadFile, 1 savefile failed
[2025-06-17 22:41:33.383][DBG] [3]NET_HTTPSERVER_ReplyV2, SUCC, bAutoClose[0], dwStreamID[0]
[2025-06-17 22:41:33.383][INF] CSSListenHTTP::HttpServerDataCB, Finish, m_iHttpCallbackCount[1]
[2025-06-17 22:41:33.387][DBG] [0]CServerLinkTCP::ListenProcess, HPR_Accept, socket[540], iLinkIndex[0]
[2025-06-17 22:41:33.387][DBG] CAsyncManager::CreateHandle, SUCC, iHandle[4], pObject[0x550E2E8]
[2025-06-17 22:41:33.387][DBG] [0x550E2E8]CLinkAsyncIO::Start, SUCC, m_socketAsyncIO[540], m_bCmdAsync[0], m_iAsyncHandle[4]
[2025-06-17 22:41:33.387][DBG] [0]CHttpListenSession::ServerDataCallBack, Create SUCC, Socket[540], iHandle[4]
[2025-06-17 22:41:33.390][INF] CSSListenHTTP::HttpServerDataCB, m_iHttpCallbackCount[1]
[2025-06-17 22:41:33.390][INF] CProtocolProcCloud::ProcGetBestNode, bestNodeNumbertest[3]
[2025-06-17 22:41:33.395][DBG] [4]NET_HTTPSERVER_ReplyV2, SUCC, bAutoClose[0], dwStreamID[0]
[2025-06-17 22:41:33.395][INF] CSSListenHTTP::HttpServerDataCB, Finish, m_iHttpCallbackCount[1]
[2025-06-17 22:41:33.398][DBG] [0]CServerLinkTCP::ListenProcess, HPR_Accept, socket[1708], iLinkIndex[0]
[2025-06-17 22:41:33.399][DBG] CAsyncManager::CreateHandle, SUCC, iHandle[5], pObject[0x550E904]
[2025-06-17 22:41:33.399][DBG] [0x550E904]CLinkAsyncIO::Start, SUCC, m_socketAsyncIO[1708], m_bCmdAsync[0], m_iAsyncHandle[5]
[2025-06-17 22:41:33.399][DBG] [0]CHttpListenSession::ServerDataCallBack, Create SUCC, Socket[1708], iHandle[5]
[2025-06-17 22:41:33.408][INF] CSSListenHTTP::HttpServerDataCB, m_iHttpCallbackCount[1]
[2025-06-17 22:41:33.413][ERR] CDeviceDataBase::InsertDataToDB, Invalid Param, pTableName[0xF0F0E078], pPicPath[0xC17955C8], dwPicPathLen[0], pUriBuffer[0xC179CC90], dwUriBufferLen[39]
[2025-06-17 22:41:33.413][ERR] [0xC179BBB8]CBusinessProc::SaveFile, InsertDataToDB Failed
[2025-06-17 22:41:33.413][ERR] CProtocolProcCloud::ProcUploadFile, 1 savefile failed
[2025-06-17 22:41:33.414][DBG] [5]NET_HTTPSERVER_ReplyV2, SUCC, bAutoClose[0], dwStreamID[0]
[2025-06-17 22:41:33.414][INF] CSSListenHTTP::HttpServerDataCB, Finish, m_iHttpCallbackCount[1]
[2025-06-17 22:41:38.392][INF] CSSListenHTTP::HttpServerDataCB, m_iHttpCallbackCount[1]
[2025-06-17 22:41:38.405][INF] CSSListenHTTP::HttpServerDataCB, dwStatus[65535], m_iHttpCallbackCount[1]
[2025-06-17 22:41:38.405][INF] CSSListenHTTP::HttpServerDataCB, m_iHttpCallbackCount[1]
[2025-06-17 22:41:38.416][ERR] [0]CServerLinkTCP::ListenProcess, Accept Rate[0]/s, dwAcceptCount[5]
[2025-06-17 22:41:38.416][DBG] [0]CServerLinkTCP::ListenProcess, HPR_Accept, socket[840], iLinkIndex[0]
[2025-06-17 22:41:38.416][DBG] CAsyncManager::CreateHandle, SUCC, iHandle[6], pObject[0x550EF20]
[2025-06-17 22:41:38.416][DBG] [0x550EF20]CLinkAsyncIO::Start, SUCC, m_socketAsyncIO[840], m_bCmdAsync[0], m_iAsyncHandle[6]
[2025-06-17 22:41:38.417][DBG] [0]CHttpListenSession::ServerDataCallBack, Create SUCC, Socket[840], iHandle[6]
[2025-06-17 22:41:38.417][INF] CSSListenHTTP::HttpServerDataCB, m_iHttpCallbackCount[2]
[2025-06-17 22:41:38.417][INF] CProtocolProcCloud::ProcGetBestNode, bestNodeNumbertest[4]
[2025-06-17 22:41:38.421][INF] CSSListenHTTP::HttpServerDataCB, dwStatus[65535], m_iHttpCallbackCount[2]
[2025-06-17 22:41:38.421][DBG] [1]NET_HTTPSERVER_Close, bRet[1], bForceClose[1], bSetLinkForceClose[1]
[2025-06-17 22:41:38.422][DBG] [6]NET_HTTPSERVER_ReplyV2, SUCC, bAutoClose[0], dwStreamID[0]
[2025-06-17 22:41:38.422][INF] CSSListenHTTP::HttpServerDataCB, Finish, m_iHttpCallbackCount[1]
[2025-06-17 22:41:38.422][INF] CSSListenHTTP::HttpServerDataCB, m_iHttpCallbackCount[1]
[2025-06-17 22:41:38.423][INF] CSSListenHTTP::HttpServerDataCB, dwStatus[65535], m_iHttpCallbackCount[1]
[2025-06-17 22:41:38.423][INF] CSSListenHTTP::HttpServerDataCB, m_iHttpCallbackCount[1]
[2025-06-17 22:41:38.423][INF] CSSListenHTTP::HttpServerDataCB, m_iHttpCallbackCount[2]
[2025-06-17 22:41:38.423][INF] CSSListenHTTP::HttpServerDataCB, m_iHttpCallbackCount[3]
[2025-06-17 22:41:38.437][DBG] [2]NET_HTTPSERVER_Close, bRet[1], bForceClose[1], bSetLinkForceClose[1]
[2025-06-17 22:41:38.437][DBG] [0x550D094]CLinkAsyncIO::Stop, m_socketAsyncIO[1716], m_iAsyncHandle[1]
[2025-06-17 22:41:38.437][DBG] [0x550D094]CLinkAsyncIO::Stop, HPR_CloseSocket, m_socket[1716], m_iAsyncHandle[1]
[2025-06-17 22:41:38.437][INF] CSSListenHTTP::HttpServerDataCB, dwStatus[65535], m_iHttpCallbackCount[3]
[2025-06-17 22:41:38.437][DBG] CAsyncManager::DestoryHandle, m_dwCurrentCap[64], m_dwCurrentCount[5], iHandle[1]
[2025-06-17 22:41:38.452][INF] CSSListenHTTP::HttpServerDataCB, dwStatus[65535], m_iHttpCallbackCount[2]
[2025-06-17 22:41:38.452][DBG] [3]NET_HTTPSERVER_Close, bRet[1], bForceClose[1], bSetLinkForceClose[1]
[2025-06-17 22:41:38.452][DBG] [0x550D6B0]CLinkAsyncIO::Stop, m_socketAsyncIO[1640], m_iAsyncHandle[2]
[2025-06-17 22:41:38.452][DBG] [0x550D6B0]CLinkAsyncIO::Stop, HPR_CloseSocket, m_socket[1640], m_iAsyncHandle[2]
[2025-06-17 22:41:38.452][DBG] CAsyncManager::DestoryHandle, m_dwCurrentCap[64], m_dwCurrentCount[4], iHandle[2]
[2025-06-17 22:41:38.453][DBG] [0x550DCCC]CLinkAsyncIO::Stop, m_socketAsyncIO[1596], m_iAsyncHandle[3]
[2025-06-17 22:41:38.453][DBG] [0x550DCCC]CLinkAsyncIO::Stop, HPR_CloseSocket, m_socket[1596], m_iAsyncHandle[3]
[2025-06-17 22:41:38.453][DBG] CAsyncManager::DestoryHandle, m_dwCurrentCap[64], m_dwCurrentCount[3], iHandle[3]
[2025-06-17 22:41:38.468][INF] CSSListenHTTP::HttpServerDataCB, dwStatus[65535], m_iHttpCallbackCount[1]
[2025-06-17 22:41:38.468][DBG] [4]NET_HTTPSERVER_Close, bRet[1], bForceClose[1], bSetLinkForceClose[1]
[2025-06-17 22:41:38.468][DBG] [0x550E2E8]CLinkAsyncIO::Stop, m_socketAsyncIO[540], m_iAsyncHandle[4]
[2025-06-17 22:41:38.468][DBG] [0x550E2E8]CLinkAsyncIO::Stop, HPR_CloseSocket, m_socket[540], m_iAsyncHandle[4]
[2025-06-17 22:41:38.468][DBG] CAsyncManager::DestoryHandle, m_dwCurrentCap[64], m_dwCurrentCount[2], iHandle[4]
[2025-06-17 22:41:38.468][DBG] [5]NET_HTTPSERVER_Close, bRet[1], bForceClose[1], bSetLinkForceClose[1]
[2025-06-17 22:41:38.468][DBG] [6]NET_HTTPSERVER_Close, bRet[1], bForceClose[1], bSetLinkForceClose[1]
[2025-06-17 22:41:38.468][DBG] [0x550E904]CLinkAsyncIO::Stop, m_socketAsyncIO[1708], m_iAsyncHandle[5]
[2025-06-17 22:41:38.468][DBG] [0x550E904]CLinkAsyncIO::Stop, HPR_CloseSocket, m_socket[1708], m_iAsyncHandle[5]
[2025-06-17 22:41:38.468][DBG] CAsyncManager::DestoryHandle, m_dwCurrentCap[64], m_dwCurrentCount[1], iHandle[5]
[2025-06-17 22:41:38.484][DBG] [0x550EF20]CLinkAsyncIO::Stop, m_socketAsyncIO[840], m_iAsyncHandle[6]
[2025-06-17 22:41:38.484][DBG] [0x550EF20]CLinkAsyncIO::Stop, HPR_CloseSocket, m_socket[840], m_iAsyncHandle[6]
[2025-06-17 22:41:38.484][DBG] CAsyncManager::DestoryHandle, m_dwCurrentCap[64], m_dwCurrentCount[0], iHandle[6]
